<?xml version="1.0" encoding="UTF-8"?>
<!-- Generated by org.testng.reporters.JUnitReportReporter -->
<testsuite hostname="INLT370" failures="0" tests="1" name="test.day1" time="15.507" errors="0" timestamp="2021-03-18T14:41:28 IST" skipped="0">
  <testcase classname="test.day1" name="demeo" time="15.507"/>
  <system-out/>
</testsuite> <!-- test.day1 -->
