<?xml version="1.0" encoding="UTF-8"?>
<!-- Generated by org.testng.reporters.JUnitReportReporter -->
<testsuite hostname="INLT370" failures="0" tests="1" name="day1" time="0.024" errors="0" timestamp="2021-03-18T13:26:12 IST" skipped="0">
  <testcase classname="day1" name="demeo" time="0.024"/>
  <system-out/>
</testsuite> <!-- day1 -->
